Unity Editor version:    6000.0.57f1 (b7b9860b7bbd)
Branch:                  6000.0/staging
Build type:              Release
Batch mode:              YES
macOS version:           Version 15.6 (Build 24G84)
Darwin version:          24.6.0
Architecture:            arm64
Running under Rosetta:   NO
Available memory:        16384 MB
Using pre-set license

COMMAND LINE ARGUMENTS:
/Applications/Unity/Hub/Editor/6000.0.57f1/Unity.app/Contents/MacOS/Unity
-adb2
-batchMode
-noUpm
-name
AssetImportWorker0
-projectPath
/Users/mins/Dev/RedTemplate
-logFile
Logs/AssetImportWorker0.log
-srvPort
56480
-job-worker-count
4
-background-job-worker-count
8
-gc-helper-count
1
-name AssetImport
Successfully changed project path to: /Users/mins/Dev/RedTemplate
/Users/mins/Dev/RedTemplate
[UnityMemory] Configuration Parameters - Can be set up in boot.config
    "memorysetup-bucket-allocator-granularity=16"
    "memorysetup-bucket-allocator-bucket-count=8"
    "memorysetup-bucket-allocator-block-size=33554432"
    "memorysetup-bucket-allocator-block-count=8"
    "memorysetup-main-allocator-block-size=16777216"
    "memorysetup-thread-allocator-block-size=16777216"
    "memorysetup-gfx-main-allocator-block-size=16777216"
    "memorysetup-gfx-thread-allocator-block-size=16777216"
    "memorysetup-cache-allocator-block-size=4194304"
    "memorysetup-typetree-allocator-block-size=2097152"
    "memorysetup-profiler-bucket-allocator-granularity=16"
    "memorysetup-profiler-bucket-allocator-bucket-count=8"
    "memorysetup-profiler-bucket-allocator-block-size=33554432"
    "memorysetup-profiler-bucket-allocator-block-count=8"
    "memorysetup-profiler-allocator-block-size=16777216"
    "memorysetup-profiler-editor-allocator-block-size=1048576"
    "memorysetup-temp-allocator-size-main=16777216"
    "memorysetup-job-temp-allocator-block-size=2097152"
    "memorysetup-job-temp-allocator-block-size-background=1048576"
    "memorysetup-job-temp-allocator-reduction-small-platforms=262144"
    "memorysetup-allocator-temp-initial-block-size-main=262144"
    "memorysetup-allocator-temp-initial-block-size-worker=262144"
    "memorysetup-temp-allocator-size-background-worker=32768"
    "memorysetup-temp-allocator-size-job-worker=262144"
    "memorysetup-temp-allocator-size-preload-manager=33554432"
    "memorysetup-temp-allocator-size-nav-mesh-worker=65536"
    "memorysetup-temp-allocator-size-audio-worker=65536"
    "memorysetup-temp-allocator-size-cloud-worker=32768"
    "memorysetup-temp-allocator-size-gi-baking-worker=262144"
    "memorysetup-temp-allocator-size-gi-baking-worker=262144"
    "memorysetup-temp-allocator-size-gi-baking-worker=262144"
    "memorysetup-temp-allocator-size-gi-baking-worker=262144"
    "memorysetup-temp-allocator-size-gi-baking-worker=262144"
    "memorysetup-temp-allocator-size-gfx=262144"
Player connection [8723931328]  Target information:

Player connection [8723931328]  * "[IP] 172.16.11.240 [Port] 0 [Flags] 2 [Guid] 611380504 [EditorId] 611380504 [Version] 1048832 [Id] OSXEditor(0,MinSs-MacBook-Pro-16.local) [Debug] 1 [PackageName] OSXEditor [ProjectName] Editor" 

Player connection [8723931328] Host joined multi-casting on [225.0.0.222:54997]...
Player connection [8723931328] Host joined alternative multi-casting on [225.0.0.222:34997]...
JobSystem: Creating JobQueue using job-worker-count value 4
Input System module state changed to: Initialized.
[Physics::Module] Initialized fallback backend.
[Physics::Module] Id: 0xdecafbad
Library Redirect Path: Library/
[Physics::Module] Selected backend.
[Physics::Module] Name: PhysX
[Physics::Module] Id: 0xf2b8ea05
[Physics::Module] SDK Version: 4.1.2
[Physics::Module] Integration Version: 1.0.0
[Physics::Module] Threading Mode: Multi-Threaded
Refreshing native plugins compatible for Editor in 1.31 ms, found 2 plugins.
Preloading 0 native plugins for Editor in 0.00 ms.
Initialize engine version: 6000.0.57f1 (b7b9860b7bbd)
[Subsystems] Discovering subsystems at path /Applications/Unity/Hub/Editor/6000.0.57f1/Unity.app/Contents/Resources/UnitySubsystems
[Subsystems] Discovering subsystems at path /Users/mins/Dev/RedTemplate/Assets
GfxDevice: creating device client; kGfxThreadingModeNonThreaded
 preferred device: Apple M1 Pro (high power)
Metal devices available: 1
0: Apple M1 Pro (high power)
Using device Apple M1 Pro (high power)
Initializing Metal device caps: Apple M1 Pro
Initialize mono
Mono path[0] = '/Applications/Unity/Hub/Editor/6000.0.57f1/Unity.app/Contents/Managed'
Mono path[1] = '/Applications/Unity/Hub/Editor/6000.0.57f1/Unity.app/Contents/MonoBleedingEdge/lib/mono/unityjit-macos'
Mono config path = '/Applications/Unity/Hub/Editor/6000.0.57f1/Unity.app/Contents/MonoBleedingEdge/etc'
Using monoOptions --debugger-agent=transport=dt_socket,embedding=1,server=y,suspend=n,address=127.0.0.1:56233
Begin MonoManager ReloadAssembly
Registering precompiled unity dll's ...
Register platform support module: /Applications/Unity/Hub/Editor/6000.0.57f1/Unity.app/Contents/PlaybackEngines/MacStandaloneSupport/UnityEditor.OSXStandalone.Extensions.dll
Register platform support module: /Applications/Unity/Hub/Editor/6000.0.57f1/PlaybackEngines/AndroidPlayer/UnityEditor.Android.Extensions.dll
Register platform support module: /Applications/Unity/Hub/Editor/6000.0.57f1/PlaybackEngines/iOSSupport/UnityEditor.iOS.Extensions.dll
Registered in 0.004294 seconds.
- Loaded All Assemblies, in  0.429 seconds
[usbmuxd] Start listen thread
[usbmuxd] Listen thread started
[usbmuxd] Send listen message
Native extension for iOS target not found
Native extension for Android target not found
Android Extension - Scanning For ADB Devices 205 ms
Native extension for OSXStandalone target not found
Mono: successfully reloaded assembly
- Finished resetting the current domain, in  0.530 seconds
Domain Reload Profiling: 958ms
	BeginReloadAssembly (184ms)
		ExecutionOrderSort (0ms)
		DisableScriptedObjects (0ms)
		BackupInstance (0ms)
		ReleaseScriptingObjects (0ms)
		CreateAndSetChildDomain (0ms)
	RebuildCommonClasses (29ms)
	RebuildNativeTypeToScriptingClass (9ms)
	initialDomainReloadingComplete (39ms)
	LoadAllAssembliesAndSetupDomain (167ms)
		LoadAssemblies (193ms)
		RebuildTransferFunctionScriptingTraits (0ms)
		AnalyzeDomain (156ms)
			TypeCache.Refresh (155ms)
				TypeCache.ScanAssembly (124ms)
			BuildScriptInfoCaches (0ms)
			ResolveRequiredComponents (0ms)
	FinalizeReload (530ms)
		ReleaseScriptCaches (0ms)
		RebuildScriptCaches (0ms)
		SetupLoadedEditorAssemblies (503ms)
			LogAssemblyErrors (0ms)
			InitializePlatformSupportModulesInManaged (327ms)
			SetLoadedEditorAssemblies (3ms)
			BeforeProcessingInitializeOnLoad (48ms)
			ProcessInitializeOnLoadAttributes (82ms)
			ProcessInitializeOnLoadMethodAttributes (43ms)
			AfterProcessingInitializeOnLoad (0ms)
			EditorAssembliesLoaded (0ms)
		ExecutionOrderSort2 (0ms)
		AwakeInstancesAfterBackupRestoration (0ms)
========================================================================
Worker process is ready to serve import requests
Import Worker Mode flag is 0x00
Begin MonoManager ReloadAssembly
Symbol file LoadedFromMemory is not a mono symbol file
- Loaded All Assemblies, in  0.631 seconds
Refreshing native plugins compatible for Editor in 0.57 ms, found 2 plugins.
Native extension for iOS target not found
Native extension for Android target not found
Native extension for OSXStandalone target not found
Package Manager log level set to [2]
[Package Manager] Failed to launch server process. Reason: Unity was launched with the -noUpm command-line argument
[Package Manager] Unable to send message (not connected to server process).
[Package Manager] Cannot connect to Unity Package Manager local server
The project currently uses the compatibility mode where the Render Graph API is disabled. Support for this mode will be removed in future Unity versions. Migrate existing ScriptableRenderPasses to the new RenderGraph API. After the migration, disable the compatibility mode in Edit > Projects Settings > Graphics > Render Graph.
UnityEngine.Debug:ExtractStackTraceNoAlloc (byte*,int,string)
UnityEngine.StackTraceUtility:ExtractStackTrace () (at /Users/bokken/build/output/unity/unity/Runtime/Export/Scripting/StackTrace.cs:35)
UnityEngine.DebugLogHandler:Internal_Log (UnityEngine.LogType,UnityEngine.LogOption,string,UnityEngine.Object)
UnityEngine.DebugLogHandler:LogFormat (UnityEngine.LogType,UnityEngine.Object,string,object[])
UnityEngine.Logger:Log (UnityEngine.LogType,object)
UnityEngine.Debug:LogWarning (object)
UnityEngine.Rendering.Universal.WarnUsingNonRenderGraph:EmitConsoleWarning () (at ./Library/PackageCache/com.unity.render-pipelines.universal@ba18377e2205/Runtime/Data/UniversalRenderPipelineAsset.cs:427)
System.Reflection.RuntimeMethodInfo:Invoke (object,System.Reflection.BindingFlags,System.Reflection.Binder,object[],System.Globalization.CultureInfo)
System.Reflection.MethodBase:Invoke (object,object[])
UnityEditor.EditorAssemblies:ProcessInitializeOnLoadMethodAttributes () (at /Users/bokken/build/output/unity/unity/Editor/Mono/EditorAssemblies.cs:142)

(Filename: ./Library/PackageCache/com.unity.render-pipelines.universal@ba18377e2205/Runtime/Data/UniversalRenderPipelineAsset.cs Line: 427)

Mono: successfully reloaded assembly
- Finished resetting the current domain, in  0.635 seconds
Domain Reload Profiling: 1263ms
	BeginReloadAssembly (133ms)
		ExecutionOrderSort (0ms)
		DisableScriptedObjects (4ms)
		BackupInstance (0ms)
		ReleaseScriptingObjects (0ms)
		CreateAndSetChildDomain (27ms)
	RebuildCommonClasses (28ms)
	RebuildNativeTypeToScriptingClass (9ms)
	initialDomainReloadingComplete (26ms)
	LoadAllAssembliesAndSetupDomain (430ms)
		LoadAssemblies (366ms)
		RebuildTransferFunctionScriptingTraits (0ms)
		AnalyzeDomain (140ms)
			TypeCache.Refresh (115ms)
				TypeCache.ScanAssembly (99ms)
			BuildScriptInfoCaches (18ms)
			ResolveRequiredComponents (6ms)
	FinalizeReload (635ms)
		ReleaseScriptCaches (0ms)
		RebuildScriptCaches (0ms)
		SetupLoadedEditorAssemblies (427ms)
			LogAssemblyErrors (0ms)
			InitializePlatformSupportModulesInManaged (16ms)
			SetLoadedEditorAssemblies (6ms)
			BeforeProcessingInitializeOnLoad (74ms)
			ProcessInitializeOnLoadAttributes (293ms)
			ProcessInitializeOnLoadMethodAttributes (37ms)
			AfterProcessingInitializeOnLoad (1ms)
			EditorAssembliesLoaded (0ms)
		ExecutionOrderSort2 (0ms)
		AwakeInstancesAfterBackupRestoration (2ms)
WARNING: Shader Unsupported: 'Universal Render Pipeline/VR/SpatialMapping/Wireframe' - All subshaders removed
WARNING: Shader Did you use #pragma only_renderers and omit this platform?
WARNING: Shader If subshaders removal was intentional, you may have forgotten turning Fallback off?
WARNING: Shader Unsupported: 'Universal Render Pipeline/VR/SpatialMapping/Wireframe' - All subshaders removed
WARNING: Shader Did you use #pragma only_renderers and omit this platform?
WARNING: Shader If subshaders removal was intentional, you may have forgotten turning Fallback off?
Launching external process: /Applications/Unity/Hub/Editor/6000.0.57f1/Unity.app/Contents/Tools/UnityShaderCompiler
Launched and connected shader compiler UnityShaderCompiler after 0.06 seconds
Refreshing native plugins compatible for Editor in 0.37 ms, found 2 plugins.
Preloading 0 native plugins for Editor in 0.00 ms.
Unloading 14 Unused Serialized files (Serialized files now loaded: 0)
Unloading 4077 unused Assets / (3.3 MB). Loaded Objects now: 4762.
Memory consumption went from 111.2 MB to 107.9 MB.
Total: 6.112041 ms (FindLiveObjects: 0.660083 ms CreateObjectMapping: 0.130584 ms MarkObjects: 4.004833 ms  DeleteObjects: 1.316083 ms)

========================================================================
Received Import Request.
  Time since last request: 2098041.188322 seconds.
  path: Assets/5_Scripts/UI/UIToastManager.cs
  artifactKey: Guid(616982babbe1c4f09a1ada321a59bc0f) Importer(815301076,1909f56bfc062723c751e8b465ee728b)
Start importing Assets/5_Scripts/UI/UIToastManager.cs using Guid(616982babbe1c4f09a1ada321a59bc0f) Importer(815301076,1909f56bfc062723c751e8b465ee728b) (PreviewImporter) -> (artifact id: 'a65f53885ad5b1db4b4380ea7bf5042d') in 0.001990167 seconds
Number of updated asset objects reloaded before import = 0Number of asset objects unloaded after import = 0

========================================================================
Received Import Request.
  Time since last request: 0.000069 seconds.
  path: Assets/5_Scripts/UI/UIToast.cs
  artifactKey: Guid(78147094f0538455a802b0c43b445439) Importer(815301076,1909f56bfc062723c751e8b465ee728b)
Start importing Assets/5_Scripts/UI/UIToast.cs using Guid(78147094f0538455a802b0c43b445439) Importer(815301076,1909f56bfc062723c751e8b465ee728b) (PreviewImporter) -> (artifact id: '59c6469f1b4b91eedfa51821470050bd') in 0.000296625 seconds
Number of updated asset objects reloaded before import = 0Number of asset objects unloaded after import = 0

========================================================================
Received Import Request.
  Time since last request: 0.000068 seconds.
  path: Assets/5_Scripts/Core/NetworkManager.cs
  artifactKey: Guid(f5c8c8eb6edbf4251abeca70ccdc21bb) Importer(815301076,1909f56bfc062723c751e8b465ee728b)
Start importing Assets/5_Scripts/Core/NetworkManager.cs using Guid(f5c8c8eb6edbf4251abeca70ccdc21bb) Importer(815301076,1909f56bfc062723c751e8b465ee728b) (PreviewImporter) -> (artifact id: '0ea4957372bdd7458edd5ed551263b8b') in 0.000253959 seconds
Number of updated asset objects reloaded before import = 0Number of asset objects unloaded after import = 0

========================================================================
Received Import Request.
  Time since last request: 0.000054 seconds.
  path: Assets/5_Scripts/Module/TransformExtra.cs
  artifactKey: Guid(94e36aa56faff4e04b0ae29dfe579668) Importer(815301076,1909f56bfc062723c751e8b465ee728b)
Start importing Assets/5_Scripts/Module/TransformExtra.cs using Guid(94e36aa56faff4e04b0ae29dfe579668) Importer(815301076,1909f56bfc062723c751e8b465ee728b) (PreviewImporter) -> (artifact id: '5394bb8b7e04e51f72aed101bba54153') in 0.000321375 seconds
Number of updated asset objects reloaded before import = 0Number of asset objects unloaded after import = 0

========================================================================
Received Import Request.
  Time since last request: 0.000052 seconds.
  path: Assets/5_Scripts/Module/ObjectPool.cs
  artifactKey: Guid(65515e9034c9d41129d432040ab53254) Importer(815301076,1909f56bfc062723c751e8b465ee728b)
Start importing Assets/5_Scripts/Module/ObjectPool.cs using Guid(65515e9034c9d41129d432040ab53254) Importer(815301076,1909f56bfc062723c751e8b465ee728b) (PreviewImporter) -> (artifact id: '4becdbf650f20d483c51fe09577995ed') in 0.000287292 seconds
Number of updated asset objects reloaded before import = 0Number of asset objects unloaded after import = 0

========================================================================
Received Import Request.
  Time since last request: 0.000036 seconds.
  path: Assets/5_Scripts/Core/CoreBootstrap.cs
  artifactKey: Guid(ff56ed210d6174750860b9df6b098c66) Importer(815301076,1909f56bfc062723c751e8b465ee728b)
Start importing Assets/5_Scripts/Core/CoreBootstrap.cs using Guid(ff56ed210d6174750860b9df6b098c66) Importer(815301076,1909f56bfc062723c751e8b465ee728b) (PreviewImporter) -> (artifact id: '852336742b23142b701476c0b13f1d1e') in 0.000337458 seconds
Number of updated asset objects reloaded before import = 0Number of asset objects unloaded after import = 0

========================================================================
Received Import Request.
  Time since last request: 0.000044 seconds.
  path: Assets/5_Scripts/UI
  artifactKey: Guid(6ce8c586d75854434bd316a898e6945a) Importer(815301076,1909f56bfc062723c751e8b465ee728b)
Start importing Assets/5_Scripts/UI using Guid(6ce8c586d75854434bd316a898e6945a) Importer(815301076,1909f56bfc062723c751e8b465ee728b) (PreviewImporter) -> (artifact id: '5e09a8673e92a7d14996a204f653bc37') in 0.000292958 seconds
Number of updated asset objects reloaded before import = 0Number of asset objects unloaded after import = 0

========================================================================
Received Import Request.
  Time since last request: 0.000046 seconds.
  path: Assets/5_Scripts/UI/UIInputManager.cs
  artifactKey: Guid(a7263907723fb4e5dbc79984e7217aea) Importer(815301076,1909f56bfc062723c751e8b465ee728b)
Start importing Assets/5_Scripts/UI/UIInputManager.cs using Guid(a7263907723fb4e5dbc79984e7217aea) Importer(815301076,1909f56bfc062723c751e8b465ee728b) (PreviewImporter) -> (artifact id: '02974db5adb2889bbdfa5f9fdefdf6bd') in 0.000392333 seconds
Number of updated asset objects reloaded before import = 0Number of asset objects unloaded after import = 0

========================================================================
Received Import Request.
  Time since last request: 0.000066 seconds.
  path: Assets/5_Scripts/Core/DatabaseManager.cs
  artifactKey: Guid(1f73fbe9048f14770a90e5a2e4ef6b55) Importer(815301076,1909f56bfc062723c751e8b465ee728b)
Start importing Assets/5_Scripts/Core/DatabaseManager.cs using Guid(1f73fbe9048f14770a90e5a2e4ef6b55) Importer(815301076,1909f56bfc062723c751e8b465ee728b) (PreviewImporter) -> (artifact id: '56b08dd62f798885d494a91b5dfc503a') in 0.000308459 seconds
Number of updated asset objects reloaded before import = 0Number of asset objects unloaded after import = 0

========================================================================
Received Import Request.
  Time since last request: 0.000060 seconds.
  path: Assets/5_Scripts/Core
  artifactKey: Guid(d637115884c994c65b88074fa815ad45) Importer(815301076,1909f56bfc062723c751e8b465ee728b)
Start importing Assets/5_Scripts/Core using Guid(d637115884c994c65b88074fa815ad45) Importer(815301076,1909f56bfc062723c751e8b465ee728b) (PreviewImporter) -> (artifact id: '478d9039990adc47df5ddcc8562aee82') in 0.000240542 seconds
Number of updated asset objects reloaded before import = 0Number of asset objects unloaded after import = 0

========================================================================
Received Import Request.
  Time since last request: 0.000061 seconds.
  path: Assets/5_Scripts/Module/ObjectSpawner.cs
  artifactKey: Guid(35052e939ad544adb83eb5826790f36e) Importer(815301076,1909f56bfc062723c751e8b465ee728b)
Start importing Assets/5_Scripts/Module/ObjectSpawner.cs using Guid(35052e939ad544adb83eb5826790f36e) Importer(815301076,1909f56bfc062723c751e8b465ee728b) (PreviewImporter) -> (artifact id: '4ebb9c547f0e08c573e916906061e69e') in 0.000268375 seconds
Number of updated asset objects reloaded before import = 0Number of asset objects unloaded after import = 0

========================================================================
Received Import Request.
  Time since last request: 0.000057 seconds.
  path: Assets/5_Scripts/Module/SceneLoader.cs
  artifactKey: Guid(2e2e78c6fc63a4e2fbe9566342c278f1) Importer(815301076,1909f56bfc062723c751e8b465ee728b)
Start importing Assets/5_Scripts/Module/SceneLoader.cs using Guid(2e2e78c6fc63a4e2fbe9566342c278f1) Importer(815301076,1909f56bfc062723c751e8b465ee728b) (PreviewImporter) -> (artifact id: '935c2bf8b38f56af2444a0f862b052d1') in 0.0002745 seconds
Number of updated asset objects reloaded before import = 0Number of asset objects unloaded after import = 0

========================================================================
Received Import Request.
  Time since last request: 0.000056 seconds.
  path: Assets/5_Scripts/Module/Singleton.cs
  artifactKey: Guid(e5962c344e7224569be8bf7ce9972c59) Importer(815301076,1909f56bfc062723c751e8b465ee728b)
Start importing Assets/5_Scripts/Module/Singleton.cs using Guid(e5962c344e7224569be8bf7ce9972c59) Importer(815301076,1909f56bfc062723c751e8b465ee728b) (PreviewImporter) -> (artifact id: '12251b949122e5d3bebad5ef8c630d13') in 0.000274125 seconds
Number of updated asset objects reloaded before import = 0Number of asset objects unloaded after import = 0

========================================================================
Received Import Request.
  Time since last request: 0.000046 seconds.
  path: Assets/5_Scripts/UI/UIEffectManager.cs
  artifactKey: Guid(949e73850543c4db4942963dfd6f5fa5) Importer(815301076,1909f56bfc062723c751e8b465ee728b)
Start importing Assets/5_Scripts/UI/UIEffectManager.cs using Guid(949e73850543c4db4942963dfd6f5fa5) Importer(815301076,1909f56bfc062723c751e8b465ee728b) (PreviewImporter) -> (artifact id: '117d71098333859ec45dcaade614ae35') in 0.0002705 seconds
Number of updated asset objects reloaded before import = 0Number of asset objects unloaded after import = 0

========================================================================
Received Import Request.
  Time since last request: 0.000060 seconds.
  path: Assets/5_Scripts/Core/UserData
  artifactKey: Guid(3570105bbacb348c2a20d7471a60b7b8) Importer(815301076,1909f56bfc062723c751e8b465ee728b)
Start importing Assets/5_Scripts/Core/UserData using Guid(3570105bbacb348c2a20d7471a60b7b8) Importer(815301076,1909f56bfc062723c751e8b465ee728b) (PreviewImporter) -> (artifact id: 'b40818e9d3bf745dc939c3cbc7af4f20') in 0.000267333 seconds
Number of updated asset objects reloaded before import = 0Number of asset objects unloaded after import = 0

========================================================================
Received Import Request.
  Time since last request: 0.000056 seconds.
  path: Assets/5_Scripts/UI/UISystemPopup.cs
  artifactKey: Guid(64bac40e5078c4ce5b47e9b28d0338db) Importer(815301076,1909f56bfc062723c751e8b465ee728b)
Start importing Assets/5_Scripts/UI/UISystemPopup.cs using Guid(64bac40e5078c4ce5b47e9b28d0338db) Importer(815301076,1909f56bfc062723c751e8b465ee728b) (PreviewImporter) -> (artifact id: 'ffb9c34d42d9f4653374863ac228903b') in 0.000270833 seconds
Number of updated asset objects reloaded before import = 0Number of asset objects unloaded after import = 0

========================================================================
Received Import Request.
  Time since last request: 0.000056 seconds.
  path: Assets/5_Scripts/Examples
  artifactKey: Guid(98a991377bb51446f8f28e410d7a5a28) Importer(815301076,1909f56bfc062723c751e8b465ee728b)
Start importing Assets/5_Scripts/Examples using Guid(98a991377bb51446f8f28e410d7a5a28) Importer(815301076,1909f56bfc062723c751e8b465ee728b) (PreviewImporter) -> (artifact id: 'f51982ed993e09b7943e8beefd843bf1') in 0.000234042 seconds
Number of updated asset objects reloaded before import = 0Number of asset objects unloaded after import = 0

========================================================================
Received Import Request.
  Time since last request: 0.000056 seconds.
  path: Assets/5_Scripts/UI/UIPopup.cs
  artifactKey: Guid(c3730337d44f647b9bb1188927329c30) Importer(815301076,1909f56bfc062723c751e8b465ee728b)
Start importing Assets/5_Scripts/UI/UIPopup.cs using Guid(c3730337d44f647b9bb1188927329c30) Importer(815301076,1909f56bfc062723c751e8b465ee728b) (PreviewImporter) -> (artifact id: '3b8c3ecab3ee0cdebf324f42b49d86ca') in 0.000247917 seconds
Number of updated asset objects reloaded before import = 0Number of asset objects unloaded after import = 0

========================================================================
Received Import Request.
  Time since last request: 0.000055 seconds.
  path: Assets/5_Scripts/UI/UIResolutionManager.cs
  artifactKey: Guid(66e084a1676734452a225a1b693444af) Importer(815301076,1909f56bfc062723c751e8b465ee728b)
Start importing Assets/5_Scripts/UI/UIResolutionManager.cs using Guid(66e084a1676734452a225a1b693444af) Importer(815301076,1909f56bfc062723c751e8b465ee728b) (PreviewImporter) -> (artifact id: 'a576638fe8415bf6014374985f6ea93f') in 0.000242583 seconds
Number of updated asset objects reloaded before import = 0Number of asset objects unloaded after import = 0

========================================================================
Received Import Request.
  Time since last request: 0.000060 seconds.
  path: Assets/5_Scripts/Module/SingletonImproved.cs
  artifactKey: Guid(022a2191d48b5434aa589bef8c0661d6) Importer(815301076,1909f56bfc062723c751e8b465ee728b)
Start importing Assets/5_Scripts/Module/SingletonImproved.cs using Guid(022a2191d48b5434aa589bef8c0661d6) Importer(815301076,1909f56bfc062723c751e8b465ee728b) (PreviewImporter) -> (artifact id: 'fa3102b1d8fc68cc806dd068fdd001bb') in 0.000266167 seconds
Number of updated asset objects reloaded before import = 0Number of asset objects unloaded after import = 0

========================================================================
Received Import Request.
  Time since last request: 0.000056 seconds.
  path: Assets/5_Scripts/Examples/UIManagerUsageExample.cs
  artifactKey: Guid(14b154bc3498142ac9ea3b520718ce74) Importer(815301076,1909f56bfc062723c751e8b465ee728b)
Start importing Assets/5_Scripts/Examples/UIManagerUsageExample.cs using Guid(14b154bc3498142ac9ea3b520718ce74) Importer(815301076,1909f56bfc062723c751e8b465ee728b) (PreviewImporter) -> (artifact id: 'b6a5a8fb26cc89ff9b373e33e4db86b1') in 0.000253667 seconds
Number of updated asset objects reloaded before import = 0Number of asset objects unloaded after import = 0

========================================================================
Received Import Request.
  Time since last request: 0.000063 seconds.
  path: Assets/5_Scripts/Module/SceneLoaderLegacy.cs
  artifactKey: Guid(c9472b3e7c3984221ae3dd10e637af33) Importer(815301076,1909f56bfc062723c751e8b465ee728b)
Start importing Assets/5_Scripts/Module/SceneLoaderLegacy.cs using Guid(c9472b3e7c3984221ae3dd10e637af33) Importer(815301076,1909f56bfc062723c751e8b465ee728b) (PreviewImporter) -> (artifact id: '6397eb64aa74a841de60be19643e68d0') in 0.000253334 seconds
Number of updated asset objects reloaded before import = 0Number of asset objects unloaded after import = 0

========================================================================
Received Import Request.
  Time since last request: 0.000055 seconds.
  path: Assets/5_Scripts/Core/SoundManager.cs
  artifactKey: Guid(5453dd77ac4854f6f9d10bebf6a963e5) Importer(815301076,1909f56bfc062723c751e8b465ee728b)
Start importing Assets/5_Scripts/Core/SoundManager.cs using Guid(5453dd77ac4854f6f9d10bebf6a963e5) Importer(815301076,1909f56bfc062723c751e8b465ee728b) (PreviewImporter) -> (artifact id: '3c3205b754db2619d7482631dfd006ae') in 0.000267584 seconds
Number of updated asset objects reloaded before import = 0Number of asset objects unloaded after import = 0

========================================================================
Received Import Request.
  Time since last request: 0.000056 seconds.
  path: Assets/5_Scripts/Module
  artifactKey: Guid(dd0601d00a3934618b8d7d5740bc31a3) Importer(815301076,1909f56bfc062723c751e8b465ee728b)
Start importing Assets/5_Scripts/Module using Guid(dd0601d00a3934618b8d7d5740bc31a3) Importer(815301076,1909f56bfc062723c751e8b465ee728b) (PreviewImporter) -> (artifact id: 'e86fe2ad96a21163a5d4a3d18a2894bc') in 0.000239791 seconds
Number of updated asset objects reloaded before import = 0Number of asset objects unloaded after import = 0

========================================================================
Received Import Request.
  Time since last request: 0.000043 seconds.
  path: Assets/5_Scripts/Core/AppManager.cs
  artifactKey: Guid(5411e256fe04d4aebbf7ff45a2cce1ca) Importer(815301076,1909f56bfc062723c751e8b465ee728b)
Start importing Assets/5_Scripts/Core/AppManager.cs using Guid(5411e256fe04d4aebbf7ff45a2cce1ca) Importer(815301076,1909f56bfc062723c751e8b465ee728b) (PreviewImporter) -> (artifact id: '8c0e8ddcad2dce6135f0fc0fed16bc7a') in 0.000272791 seconds
Number of updated asset objects reloaded before import = 0Number of asset objects unloaded after import = 0

========================================================================
Received Import Request.
  Time since last request: 85.814260 seconds.
  path: Assets/5_Scripts/Editor/FrameworkSetupTool.cs
  artifactKey: Guid(074a6ef989eef4cdf88d85e0be51393f) Importer(815301076,1909f56bfc062723c751e8b465ee728b)
Start importing Assets/5_Scripts/Editor/FrameworkSetupTool.cs using Guid(074a6ef989eef4cdf88d85e0be51393f) Importer(815301076,1909f56bfc062723c751e8b465ee728b) (PreviewImporter) -> (artifact id: '8821eb7f2bcaeb951a53a9e1beb67f26') in 0.001144333 seconds
Number of updated asset objects reloaded before import = 0Number of asset objects unloaded after import = 0

